#
# There is insufficient memory for the Java Runtime Environment to continue.
# Native memory allocation (mmap) failed to map 266338304 bytes for G1 virtual space
# Possible reasons:
#   The system is out of physical RAM or swap space
#   The process is running with CompressedOops enabled, and the Java Heap may be blocking the growth of the native heap
# Possible solutions:
#   Reduce memory load on the system
#   Increase physical memory or swap space
#   Check if swap backing store is full
#   Decrease Java heap size (-Xmx/-Xms)
#   Decrease number of Java threads
#   Decrease Java thread stack sizes (-Xss)
#   Set larger code cache with -XX:ReservedCodeCacheSize=
#   JVM is running with Zero Based Compressed Oops mode in which the Java heap is
#     placed in the first 32GB address space. The Java Heap base address is the
#     maximum limit for the native heap growth. Please use -XX:HeapBaseMinAddress
#     to set the Java Heap base and to place the Java Heap above 32GB virtual address.
# This output file may be truncated or incomplete.
#
#  Out of Memory Error (os_windows.cpp:3532), pid=11640, tid=13476
#
# JRE version:  (17.0.2+8) (build )
# Java VM: Java HotSpot(TM) 64-Bit Server VM (17.0.2+8-LTS-86, mixed mode, emulated-client, sharing, tiered, compressed oops, compressed class ptrs, g1 gc, windows-amd64)
# No core dump will be written. Minidumps are not enabled by default on client versions of Windows
#

---------------  S U M M A R Y ------------

Command Line: -XX:TieredStopAtLevel=1 -Dspring.output.ansi.enabled=always -Dcom.sun.management.jmxremote -Dspring.jmx.enabled=true -Dspring.liveBeansView.mbeanDomain -Dspring.application.admin.enabled=true -Dmanagement.endpoints.jmx.exposure.include=* -javaagent:E:\IDea\IntelliJ IDEA 2024.3.3\lib\idea_rt.jar=56777:E:\IDea\IntelliJ IDEA 2024.3.3\bin -Dfile.encoding=UTF-8 com.wolfcode.FlowerMarketApplication

Host: Intel(R) Core(TM) i5-10210U CPU @ 1.60GHz, 8 cores, 15G,  Windows 11 , 64 bit Build 22000 (10.0.22000.2538)
Time: Tue May  6 10:44:27 2025  Windows 11 , 64 bit Build 22000 (10.0.22000.2538) elapsed time: 0.018771 seconds (0d 0h 0m 0s)

---------------  T H R E A D  ---------------

Current thread (0x000002382b5ba500):  JavaThread "Unknown thread" [_thread_in_vm, id=13476, stack(0x00000087c6200000,0x00000087c6300000)]

Stack: [0x00000087c6200000,0x00000087c6300000]
Native frames: (J=compiled Java code, j=interpreted, Vv=VM code, C=native code)
V  [jvm.dll+0x670baa]
V  [jvm.dll+0x7cfcb4]
V  [jvm.dll+0x7d145e]
V  [jvm.dll+0x7d1ac3]
V  [jvm.dll+0x242bc5]
V  [jvm.dll+0x66dac9]
V  [jvm.dll+0x662412]
V  [jvm.dll+0x300c0b]
V  [jvm.dll+0x3081a6]
V  [jvm.dll+0x357d0e]
V  [jvm.dll+0x357f3f]
V  [jvm.dll+0x2d7ec8]
V  [jvm.dll+0x2d8e34]
V  [jvm.dll+0x7a18c1]
V  [jvm.dll+0x365a91]
V  [jvm.dll+0x780d2c]
V  [jvm.dll+0x3e845f]
V  [jvm.dll+0x3e9f01]
C  [jli.dll+0x527b]
C  [ucrtbase.dll+0x26c0c]
C  [KERNEL32.DLL+0x153e0]
C  [ntdll.dll+0x485b]


---------------  P R O C E S S  ---------------

Threads class SMR info:
_java_thread_list=0x00007ff9776f9858, length=0, elements={
}

Java Threads: ( => current thread )

Other Threads:
  0x000002382b60b3d0 GCTaskThread "GC Thread#0" [stack: 0x00000087c6300000,0x00000087c6400000] [id=19252]
  0x000002382b61cfb0 ConcurrentGCThread "G1 Main Marker" [stack: 0x00000087c6400000,0x00000087c6500000] [id=22672]
  0x000002382b61e070 ConcurrentGCThread "G1 Conc#0" [stack: 0x00000087c6500000,0x00000087c6600000] [id=17500]

[error occurred during error reporting (printing all threads), id 0xc0000005, EXCEPTION_ACCESS_VIOLATION (0xc0000005) at pc=0x00007ff976f488a7]

VM state: not at safepoint (not fully initialized)

VM Mutex/Monitor currently owned by a thread:  ([mutex/lock_event])
[0x000002382b5b5640] Heap_lock - owner thread: 0x000002382b5ba500

Heap address: 0x0000000702800000, size: 4056 MB, Compressed Oops mode: Zero based, Oop shift amount: 3

CDS archive(s) mapped at: [0x0000000000000000-0x0000000000000000-0x0000000000000000), size 0, SharedBaseAddress: 0x0000000800000000, ArchiveRelocationMode: 0.
Narrow klass base: 0x0000000000000000, Narrow klass shift: 0, Narrow klass range: 0x0

GC Precious Log:
<Empty>

Heap:
 garbage-first heap   total 0K, used 0K [0x0000000702800000, 0x0000000800000000)
  region size 2048K, 0 young (0K), 0 survivors (0K)

[error occurred during error reporting (printing heap information), id 0xc0000005, EXCEPTION_ACCESS_VIOLATION (0xc0000005) at pc=0x00007ff977329f19]

GC Heap History (0 events):
No events

Deoptimization events (0 events):
No events

Classes unloaded (0 events):
No events

Classes redefined (0 events):
No events

Internal exceptions (0 events):
No events

VM Operations (0 events):
No events

Events (1 events):
Event: 0.013 Loaded shared library E:\Java\jdk-17.0.2\bin\java.dll


Dynamic libraries:
0x00007ff72b940000 - 0x00007ff72b950000 	E:\Java\jdk-17.0.2\bin\java.exe
0x00007ff9d3a60000 - 0x00007ff9d3c69000 	C:\Windows\SYSTEM32\ntdll.dll
0x00007ff9d2800000 - 0x00007ff9d28bd000 	C:\Windows\System32\KERNEL32.DLL
0x00007ff9d0ef0000 - 0x00007ff9d1274000 	C:\Windows\System32\KERNELBASE.dll
0x00007ff9d1790000 - 0x00007ff9d18a1000 	C:\Windows\System32\ucrtbase.dll
0x00007ff9cb740000 - 0x00007ff9cb75a000 	E:\Java\jdk-17.0.2\bin\VCRUNTIME140.dll
0x00007ff9cd4c0000 - 0x00007ff9cd4d8000 	E:\Java\jdk-17.0.2\bin\jli.dll
0x00007ff9d3570000 - 0x00007ff9d361e000 	C:\Windows\System32\ADVAPI32.dll
0x00007ff9d3750000 - 0x00007ff9d37f3000 	C:\Windows\System32\msvcrt.dll
0x00007ff9d2760000 - 0x00007ff9d27fe000 	C:\Windows\System32\sechost.dll
0x00007ff9d3620000 - 0x00007ff9d3741000 	C:\Windows\System32\RPCRT4.dll
0x00007ff9d18c0000 - 0x00007ff9d1a6d000 	C:\Windows\System32\USER32.dll
0x00007ff9be1c0000 - 0x00007ff9be465000 	C:\Windows\WinSxS\amd64_microsoft.windows.common-controls_6595b64144ccf1df_6.0.22000.120_none_9d947278b86cc467\COMCTL32.dll
0x00007ff9d16f0000 - 0x00007ff9d1716000 	C:\Windows\System32\win32u.dll
0x00007ff9d26e0000 - 0x00007ff9d270a000 	C:\Windows\System32\GDI32.dll
0x00007ff9d15d0000 - 0x00007ff9d16ee000 	C:\Windows\System32\gdi32full.dll
0x00007ff9d13f0000 - 0x00007ff9d148d000 	C:\Windows\System32\msvcp_win.dll
0x00007ff9ca4a0000 - 0x00007ff9ca4aa000 	C:\Windows\SYSTEM32\VERSION.dll
0x00007ff9d2710000 - 0x00007ff9d2741000 	C:\Windows\System32\IMM32.DLL
0x00007ff9cd4f0000 - 0x00007ff9cd4fc000 	E:\Java\jdk-17.0.2\bin\vcruntime140_1.dll
0x00007ff9af6b0000 - 0x00007ff9af73d000 	E:\Java\jdk-17.0.2\bin\msvcp140.dll
0x00007ff976c60000 - 0x00007ff977821000 	E:\Java\jdk-17.0.2\bin\server\jvm.dll
0x00007ff9d2750000 - 0x00007ff9d2758000 	C:\Windows\System32\PSAPI.DLL
0x00007ff9c1130000 - 0x00007ff9c1139000 	C:\Windows\SYSTEM32\WSOCK32.dll
0x00007ff9cb590000 - 0x00007ff9cb5c3000 	C:\Windows\SYSTEM32\WINMM.dll
0x00007ff9d3450000 - 0x00007ff9d34bf000 	C:\Windows\System32\WS2_32.dll
0x00007ff9cff60000 - 0x00007ff9cff78000 	C:\Windows\SYSTEM32\kernel.appcore.dll
0x00007ff9cc480000 - 0x00007ff9cc48a000 	E:\Java\jdk-17.0.2\bin\jimage.dll
0x00007ff9c8430000 - 0x00007ff9c8651000 	C:\Windows\SYSTEM32\DBGHELP.DLL
0x00007ff9b81f0000 - 0x00007ff9b8221000 	C:\Windows\SYSTEM32\dbgcore.DLL
0x00007ff9d1550000 - 0x00007ff9d15cf000 	C:\Windows\System32\bcryptPrimitives.dll
0x00007ff9cb650000 - 0x00007ff9cb65e000 	E:\Java\jdk-17.0.2\bin\instrument.dll
0x00007ff9cb670000 - 0x00007ff9cb695000 	E:\Java\jdk-17.0.2\bin\java.dll

dbghelp: loaded successfully - version: 4.0.5 - missing functions: none
symbol engine: initialized successfully - sym options: 0x614 - pdb path: .;E:\Java\jdk-17.0.2\bin;C:\Windows\SYSTEM32;C:\Windows\WinSxS\amd64_microsoft.windows.common-controls_6595b64144ccf1df_6.0.22000.120_none_9d947278b86cc467;E:\Java\jdk-17.0.2\bin\server

VM Arguments:
jvm_args: -XX:TieredStopAtLevel=1 -Dspring.output.ansi.enabled=always -Dcom.sun.management.jmxremote -Dspring.jmx.enabled=true -Dspring.liveBeansView.mbeanDomain -Dspring.application.admin.enabled=true -Dmanagement.endpoints.jmx.exposure.include=* -javaagent:E:\IDea\IntelliJ IDEA 2024.3.3\lib\idea_rt.jar=56777:E:\IDea\IntelliJ IDEA 2024.3.3\bin -Dfile.encoding=UTF-8 
java_command: com.wolfcode.FlowerMarketApplication
java_class_path (initial): E:\作业文档\专业综合实训\Flowerweb\FlowerMarket\target\classes;E:\maven\repository\org\springframework\boot\spring-boot-starter-web\3.4.4\spring-boot-starter-web-3.4.4.jar;E:\maven\repository\org\springframework\boot\spring-boot-starter\3.4.4\spring-boot-starter-3.4.4.jar;E:\maven\repository\org\springframework\boot\spring-boot-starter-logging\3.4.4\spring-boot-starter-logging-3.4.4.jar;E:\maven\repository\ch\qos\logback\logback-classic\1.5.18\logback-classic-1.5.18.jar;E:\maven\repository\ch\qos\logback\logback-core\1.5.18\logback-core-1.5.18.jar;E:\maven\repository\org\apache\logging\log4j\log4j-to-slf4j\2.24.3\log4j-to-slf4j-2.24.3.jar;E:\maven\repository\org\apache\logging\log4j\log4j-api\2.24.3\log4j-api-2.24.3.jar;E:\maven\repository\org\slf4j\jul-to-slf4j\2.0.17\jul-to-slf4j-2.0.17.jar;E:\maven\repository\jakarta\annotation\jakarta.annotation-api\2.1.1\jakarta.annotation-api-2.1.1.jar;E:\maven\repository\org\yaml\snakeyaml\2.3\snakeyaml-2.3.jar;E:\maven\repository\org\springframework\boot\spring-boot-starter-json\3.4.4\spring-boot-starter-json-3.4.4.jar;E:\maven\repository\com\fasterxml\jackson\core\jackson-databind\2.18.3\jackson-databind-2.18.3.jar;E:\maven\repository\com\fasterxml\jackson\core\jackson-annotations\2.18.3\jackson-annotations-2.18.3.jar;E:\maven\repository\com\fasterxml\jackson\core\jackson-core\2.18.3\jackson-core-2.18.3.jar;E:\maven\repository\com\fasterxml\jackson\datatype\jackson-datatype-jdk8\2.18.3\jackson-datatype-jdk8-2.18.3.jar;E:\maven\repository\com\fasterxml\jackson\datatype\jackson-datatype-jsr310\2.18.3\jackson-datatype-jsr310-2.18.3.jar;E:\maven\repository\com\fasterxml\jackson\module\jackson-module-parameter-names\2.18.3\jackson-module-parameter-names-2.18.3.jar;E:\maven\repository\org\springframework\boot\spring-boot-starter-tomcat\3.4.4\spring-boot-starter-tomcat-3.4.4.jar;E:\maven\repository\org\apache\tomcat\embed\tomcat-embed-core\10.1.39\tomcat-embed-core-10.1.39.jar;E:\maven\repository\org\a
Launcher Type: SUN_STANDARD

[Global flags]
     intx CICompilerCount                          = 4                                         {product} {ergonomic}
     uint ConcGCThreads                            = 2                                         {product} {ergonomic}
     uint G1ConcRefinementThreads                  = 8                                         {product} {ergonomic}
   size_t G1HeapRegionSize                         = 2097152                                   {product} {ergonomic}
    uintx GCDrainStackTargetSize                   = 64                                        {product} {ergonomic}
   size_t InitialHeapSize                          = 266338304                                 {product} {ergonomic}
     bool ManagementServer                         = true                                      {product} {command line}
   size_t MarkStackSize                            = 4194304                                   {product} {ergonomic}
   size_t MaxHeapSize                              = 4253024256                                {product} {ergonomic}
   size_t MinHeapDeltaBytes                        = 2097152                                   {product} {ergonomic}
   size_t MinHeapSize                              = 8388608                                   {product} {ergonomic}
    uintx NonProfiledCodeHeapSize                  = 0                                      {pd product} {ergonomic}
     bool ProfileInterpreter                       = false                                  {pd product} {command line}
    uintx ProfiledCodeHeapSize                     = 0                                      {pd product} {ergonomic}
   size_t SoftMaxHeapSize                          = 4253024256                             {manageable} {ergonomic}
     intx TieredStopAtLevel                        = 1                                         {product} {command line}
     bool UseCompressedClassPointers               = true                           {product lp64_product} {ergonomic}
     bool UseCompressedOops                        = true                           {product lp64_product} {ergonomic}
     bool UseG1GC                                  = true                                      {product} {ergonomic}
     bool UseLargePagesIndividualAllocation        = false                                  {pd product} {ergonomic}

Logging:
Log output configuration:
 #0: stdout all=warning uptime,level,tags
 #1: stderr all=off uptime,level,tags

Environment Variables:
JAVA_HOME=E:\Java\jdk-17.0.2
PATH=E:\Java\jdk-17.0.2\bin;C:\Windows\System32\OpenSSH\;E:\Git\cmd;C:\Windows\system32;C:\Windows;C:\Windows\System32\Wbem;C:\Windows\System32\WindowsPowerShell\v1.0\;C:\Program Files\python-3.8.1-amd64.exe;E:\graphviz\bin;E:\Anaconda\Library\mingw-w64;E:\MySQL\Data\MS-MCASSIJMBHTL-bin.index;E:\Mysql\bin;E:\maven\apache-maven-3.9.7\bin;E:\作业文档\linux\;ue\Nodejs\;%NODE_PAYH%;E:\MinGW_W64\MinGW\bin;E:\Python\Scripts\;E:\Python\;C:\Users\Administrator\AppData\Local\Programs\Python\Python38\Scripts\;C:\Users\Administrator\AppData\Local\Programs\Python\Python38\;C:\Users\Administrator\AppData\Local\Microsoft\WindowsApps;E:\Pycharm\PyCharm Community Edition 2023.2.1\bin;;E:\vscode\Microsoft VS Code\bin;E:\IDea\IntelliJ IDEA 2024.3.3\bin;;E:\vue\Nodejs\node_global;
USERNAME=Administrator
OS=Windows_NT
PROCESSOR_IDENTIFIER=Intel64 Family 6 Model 142 Stepping 12, GenuineIntel



---------------  S Y S T E M  ---------------

OS:
 Windows 11 , 64 bit Build 22000 (10.0.22000.2538)
OS uptime: 2 days 21:44 hours

CPU: total 8 (initial active 8) (4 cores per cpu, 2 threads per core) family 6 model 142 stepping 12 microcode 0xde, cx8, cmov, fxsr, ht, mmx, 3dnowpref, sse, sse2, sse3, ssse3, sse4.1, sse4.2, popcnt, lzcnt, tsc, tscinvbit, avx, avx2, aes, erms, clmul, bmi1, bmi2, adx, fma, vzeroupper, clflush, clflushopt

Memory: 4k page, system-wide physical 16217M (2641M free)
TotalPageFile size 19140M (AvailPageFile size 245M)
current process WorkingSet (physical memory assigned to process): 11M, peak: 11M
current process commit charge ("private bytes"): 55M, peak: 309M

vm_info: Java HotSpot(TM) 64-Bit Server VM (17.0.2+8-LTS-86) for windows-amd64 JRE (17.0.2+8-LTS-86), built on Dec  7 2021 21:51:03 by "mach5one" with MS VC++ 16.8 / 16.9 (VS2019)

END.
